<?xml version="1.0" encoding="UTF-8"?>
<!-- Generated by org.testng.reporters.JUnitReportReporter -->
<testsuite hostname="WINMICR-P02TTRT" name="com.test.demo.LanchTest" tests="2" failures="0" timestamp="18 Nov 2019 08:08:01 GMT" time="0.080" errors="0">
  <testcase name="test002" time="0.002" classname="com.test.demo.LanchTest"/>
  <testcase name="test001" time="0.078" classname="com.test.demo.LanchTest"/>
</testsuite> <!-- com.test.demo.LanchTest -->
