<?xml version="1.0" encoding="UTF-8"?>
<testsuite xmlns:xsi="http://www.w3.org/2001/XMLSchema-instance" xsi:noNamespaceSchemaLocation="https://maven.apache.org/surefire/maven-surefire-plugin/xsd/surefire-test-report.xsd" name="com.test.demo.LanchTest" time="1.049" tests="2" errors="0" skipped="0" failures="0">
  <properties>
    <property name="sun.desktop" value="windows"/>
    <property name="awt.toolkit" value="sun.awt.windows.WToolkit"/>
    <property name="file.encoding.pkg" value="sun.io"/>
    <property name="java.specification.version" value="1.8"/>
    <property name="sun.cpu.isalist" value="pentium_pro+mmx pentium_pro pentium+mmx pentium i486 i386 i86"/>
    <property name="sun.jnu.encoding" value="GBK"/>
    <property name="java.class.path" value="E:\workspace\SeleniumPageObject1031\target\test-classes;E:\workspace\SeleniumPageObject1031\target\classes;D:\apache-maven-3.6.0\mvn\mvnrepository\junit\junit\4.11\junit-4.11.jar;D:\apache-maven-3.6.0\mvn\mvnrepository\org\hamcrest\hamcrest-core\1.3\hamcrest-core-1.3.jar;D:\apache-maven-3.6.0\mvn\mvnrepository\org\seleniumhq\selenium\selenium-java\4.0.0-alpha-3\selenium-java-4.0.0-alpha-3.jar;D:\apache-maven-3.6.0\mvn\mvnrepository\org\seleniumhq\selenium\selenium-api\4.0.0-alpha-3\selenium-api-4.0.0-alpha-3.jar;D:\apache-maven-3.6.0\mvn\mvnrepository\org\seleniumhq\selenium\selenium-edge-driver\4.0.0-alpha-3\selenium-edge-driver-4.0.0-alpha-3.jar;D:\apache-maven-3.6.0\mvn\mvnrepository\org\seleniumhq\selenium\selenium-edgehtml-driver\4.0.0-alpha-3\selenium-edgehtml-driver-4.0.0-alpha-3.jar;D:\apache-maven-3.6.0\mvn\mvnrepository\org\seleniumhq\selenium\selenium-firefox-driver\4.0.0-alpha-3\selenium-firefox-driver-4.0.0-alpha-3.jar;D:\apache-maven-3.6.0\mvn\mvnrepository\org\seleniumhq\selenium\selenium-firefox-xpi-driver\4.0.0-alpha-3\selenium-firefox-xpi-driver-4.0.0-alpha-3.jar;D:\apache-maven-3.6.0\mvn\mvnrepository\org\seleniumhq\selenium\selenium-ie-driver\4.0.0-alpha-3\selenium-ie-driver-4.0.0-alpha-3.jar;D:\apache-maven-3.6.0\mvn\mvnrepository\org\seleniumhq\selenium\selenium-opera-driver\4.0.0-alpha-3\selenium-opera-driver-4.0.0-alpha-3.jar;D:\apache-maven-3.6.0\mvn\mvnrepository\org\seleniumhq\selenium\selenium-remote-driver\4.0.0-alpha-3\selenium-remote-driver-4.0.0-alpha-3.jar;D:\apache-maven-3.6.0\mvn\mvnrepository\com\squareup\okhttp3\okhttp\4.0.1\okhttp-4.0.1.jar;D:\apache-maven-3.6.0\mvn\mvnrepository\com\squareup\okio\okio\2.2.2\okio-2.2.2.jar;D:\apache-maven-3.6.0\mvn\mvnrepository\org\jetbrains\kotlin\kotlin-stdlib\1.3.40\kotlin-stdlib-1.3.40.jar;D:\apache-maven-3.6.0\mvn\mvnrepository\org\jetbrains\kotlin\kotlin-stdlib-common\1.3.40\kotlin-stdlib-common-1.3.40.jar;D:\apache-maven-3.6.0\mvn\mvnrepository\org\jetbrains\annotations\13.0\annotations-13.0.jar;D:\apache-maven-3.6.0\mvn\mvnrepository\io\opentracing\opentracing-api\0.33.0\opentracing-api-0.33.0.jar;D:\apache-maven-3.6.0\mvn\mvnrepository\net\bytebuddy\byte-buddy\1.9.12\byte-buddy-1.9.12.jar;D:\apache-maven-3.6.0\mvn\mvnrepository\org\apache\commons\commons-exec\1.3\commons-exec-1.3.jar;D:\apache-maven-3.6.0\mvn\mvnrepository\org\seleniumhq\selenium\selenium-safari-driver\4.0.0-alpha-3\selenium-safari-driver-4.0.0-alpha-3.jar;D:\apache-maven-3.6.0\mvn\mvnrepository\org\seleniumhq\selenium\selenium-support\4.0.0-alpha-3\selenium-support-4.0.0-alpha-3.jar;D:\apache-maven-3.6.0\mvn\mvnrepository\org\seleniumhq\selenium\selenium-chrome-driver\4.0.0-alpha-3\selenium-chrome-driver-4.0.0-alpha-3.jar;D:\apache-maven-3.6.0\mvn\mvnrepository\com\google\guava\guava\27.1-jre\guava-27.1-jre.jar;D:\apache-maven-3.6.0\mvn\mvnrepository\com\google\guava\failureaccess\1.0.1\failureaccess-1.0.1.jar;D:\apache-maven-3.6.0\mvn\mvnrepository\com\google\guava\listenablefuture\9999.0-empty-to-avoid-conflict-with-guava\listenablefuture-9999.0-empty-to-avoid-conflict-with-guava.jar;D:\apache-maven-3.6.0\mvn\mvnrepository\com\google\code\findbugs\jsr305\3.0.2\jsr305-3.0.2.jar;D:\apache-maven-3.6.0\mvn\mvnrepository\org\checkerframework\checker-qual\2.5.2\checker-qual-2.5.2.jar;D:\apache-maven-3.6.0\mvn\mvnrepository\com\google\errorprone\error_prone_annotations\2.2.0\error_prone_annotations-2.2.0.jar;D:\apache-maven-3.6.0\mvn\mvnrepository\com\google\j2objc\j2objc-annotations\1.1\j2objc-annotations-1.1.jar;D:\apache-maven-3.6.0\mvn\mvnrepository\org\codehaus\mojo\animal-sniffer-annotations\1.17\animal-sniffer-annotations-1.17.jar;D:\apache-maven-3.6.0\mvn\mvnrepository\org\seleniumhq\selenium\selenium-chromium-driver\4.0.0-alpha-3\selenium-chromium-driver-4.0.0-alpha-3.jar;D:\apache-maven-3.6.0\mvn\mvnrepository\org\seleniumhq\selenium\selenium-devtools\4.0.0-alpha-3\selenium-devtools-4.0.0-alpha-3.jar;D:\apache-maven-3.6.0\mvn\mvnrepository\org\seleniumhq\selenium\selenium-http\4.0.0-alpha-3\selenium-http-4.0.0-alpha-3.jar;D:\apache-maven-3.6.0\mvn\mvnrepository\org\seleniumhq\selenium\selenium-json\4.0.0-alpha-3\selenium-json-4.0.0-alpha-3.jar;D:\apache-maven-3.6.0\mvn\mvnrepository\org\testng\testng\6.9.8\testng-6.9.8.jar;D:\apache-maven-3.6.0\mvn\mvnrepository\org\beanshell\bsh\2.0b4\bsh-2.0b4.jar;D:\apache-maven-3.6.0\mvn\mvnrepository\com\beust\jcommander\1.48\jcommander-1.48.jar;D:\apache-maven-3.6.0\mvn\mvnrepository\org\uncommons\reportng\1.1.4\reportng-1.1.4.jar;D:\apache-maven-3.6.0\mvn\mvnrepository\velocity\velocity\1.4\velocity-1.4.jar;D:\apache-maven-3.6.0\mvn\mvnrepository\velocity\velocity-dep\1.4\velocity-dep-1.4.jar;D:\apache-maven-3.6.0\mvn\mvnrepository\org\aspectj\aspectjrt\1.5.4\aspectjrt-1.5.4.jar;D:\apache-maven-3.6.0\mvn\mvnrepository\io\qameta\allure\allure-testng\2.13.0\allure-testng-2.13.0.jar;D:\apache-maven-3.6.0\mvn\mvnrepository\io\qameta\allure\allure-java-commons\2.13.0\allure-java-commons-2.13.0.jar;D:\apache-maven-3.6.0\mvn\mvnrepository\io\qameta\allure\allure-model\2.13.0\allure-model-2.13.0.jar;D:\apache-maven-3.6.0\mvn\mvnrepository\com\fasterxml\jackson\core\jackson-databind\2.9.8\jackson-databind-2.9.8.jar;D:\apache-maven-3.6.0\mvn\mvnrepository\com\fasterxml\jackson\core\jackson-annotations\2.9.0\jackson-annotations-2.9.0.jar;D:\apache-maven-3.6.0\mvn\mvnrepository\com\fasterxml\jackson\core\jackson-core\2.9.8\jackson-core-2.9.8.jar;D:\apache-maven-3.6.0\mvn\mvnrepository\org\apache\tika\tika-core\1.20\tika-core-1.20.jar;D:\apache-maven-3.6.0\mvn\mvnrepository\org\jooq\joor-java-8\0.9.10\joor-java-8-0.9.10.jar;D:\apache-maven-3.6.0\mvn\mvnrepository\org\slf4j\slf4j-simple\2.0.0-alpha1\slf4j-simple-2.0.0-alpha1.jar;D:\apache-maven-3.6.0\mvn\mvnrepository\org\slf4j\slf4j-api\2.0.0-alpha1\slf4j-api-2.0.0-alpha1.jar;"/>
    <property name="java.vm.vendor" value="Oracle Corporation"/>
    <property name="sun.arch.data.model" value="32"/>
    <property name="user.variant" value=""/>
    <property name="java.vendor.url" value="http://java.oracle.com/"/>
    <property name="user.timezone" value="GMT+08:00"/>
    <property name="java.vm.specification.version" value="1.8"/>
    <property name="os.name" value="Windows 7"/>
    <property name="user.country" value="CN"/>
    <property name="sun.java.launcher" value="SUN_STANDARD"/>
    <property name="sun.boot.library.path" value="D:\Program Files\Java\jdk1.8.0_201\jre\bin"/>
    <property name="sun.java.command" value="C:\Users\ADMINI~1\AppData\Local\Temp\surefire4263297506679601451\surefirebooter7711093849897428411.jar C:\Users\Administrator\AppData\Local\Temp\surefire4263297506679601451 2019-11-18T16-07-58_247-jvmRun1 surefire9073099537320047284tmp surefire_04834884580378228408tmp"/>
    <property name="surefire.test.class.path" value="E:\workspace\SeleniumPageObject1031\target\test-classes;E:\workspace\SeleniumPageObject1031\target\classes;D:\apache-maven-3.6.0\mvn\mvnrepository\junit\junit\4.11\junit-4.11.jar;D:\apache-maven-3.6.0\mvn\mvnrepository\org\hamcrest\hamcrest-core\1.3\hamcrest-core-1.3.jar;D:\apache-maven-3.6.0\mvn\mvnrepository\org\seleniumhq\selenium\selenium-java\4.0.0-alpha-3\selenium-java-4.0.0-alpha-3.jar;D:\apache-maven-3.6.0\mvn\mvnrepository\org\seleniumhq\selenium\selenium-api\4.0.0-alpha-3\selenium-api-4.0.0-alpha-3.jar;D:\apache-maven-3.6.0\mvn\mvnrepository\org\seleniumhq\selenium\selenium-edge-driver\4.0.0-alpha-3\selenium-edge-driver-4.0.0-alpha-3.jar;D:\apache-maven-3.6.0\mvn\mvnrepository\org\seleniumhq\selenium\selenium-edgehtml-driver\4.0.0-alpha-3\selenium-edgehtml-driver-4.0.0-alpha-3.jar;D:\apache-maven-3.6.0\mvn\mvnrepository\org\seleniumhq\selenium\selenium-firefox-driver\4.0.0-alpha-3\selenium-firefox-driver-4.0.0-alpha-3.jar;D:\apache-maven-3.6.0\mvn\mvnrepository\org\seleniumhq\selenium\selenium-firefox-xpi-driver\4.0.0-alpha-3\selenium-firefox-xpi-driver-4.0.0-alpha-3.jar;D:\apache-maven-3.6.0\mvn\mvnrepository\org\seleniumhq\selenium\selenium-ie-driver\4.0.0-alpha-3\selenium-ie-driver-4.0.0-alpha-3.jar;D:\apache-maven-3.6.0\mvn\mvnrepository\org\seleniumhq\selenium\selenium-opera-driver\4.0.0-alpha-3\selenium-opera-driver-4.0.0-alpha-3.jar;D:\apache-maven-3.6.0\mvn\mvnrepository\org\seleniumhq\selenium\selenium-remote-driver\4.0.0-alpha-3\selenium-remote-driver-4.0.0-alpha-3.jar;D:\apache-maven-3.6.0\mvn\mvnrepository\com\squareup\okhttp3\okhttp\4.0.1\okhttp-4.0.1.jar;D:\apache-maven-3.6.0\mvn\mvnrepository\com\squareup\okio\okio\2.2.2\okio-2.2.2.jar;D:\apache-maven-3.6.0\mvn\mvnrepository\org\jetbrains\kotlin\kotlin-stdlib\1.3.40\kotlin-stdlib-1.3.40.jar;D:\apache-maven-3.6.0\mvn\mvnrepository\org\jetbrains\kotlin\kotlin-stdlib-common\1.3.40\kotlin-stdlib-common-1.3.40.jar;D:\apache-maven-3.6.0\mvn\mvnrepository\org\jetbrains\annotations\13.0\annotations-13.0.jar;D:\apache-maven-3.6.0\mvn\mvnrepository\io\opentracing\opentracing-api\0.33.0\opentracing-api-0.33.0.jar;D:\apache-maven-3.6.0\mvn\mvnrepository\net\bytebuddy\byte-buddy\1.9.12\byte-buddy-1.9.12.jar;D:\apache-maven-3.6.0\mvn\mvnrepository\org\apache\commons\commons-exec\1.3\commons-exec-1.3.jar;D:\apache-maven-3.6.0\mvn\mvnrepository\org\seleniumhq\selenium\selenium-safari-driver\4.0.0-alpha-3\selenium-safari-driver-4.0.0-alpha-3.jar;D:\apache-maven-3.6.0\mvn\mvnrepository\org\seleniumhq\selenium\selenium-support\4.0.0-alpha-3\selenium-support-4.0.0-alpha-3.jar;D:\apache-maven-3.6.0\mvn\mvnrepository\org\seleniumhq\selenium\selenium-chrome-driver\4.0.0-alpha-3\selenium-chrome-driver-4.0.0-alpha-3.jar;D:\apache-maven-3.6.0\mvn\mvnrepository\com\google\guava\guava\27.1-jre\guava-27.1-jre.jar;D:\apache-maven-3.6.0\mvn\mvnrepository\com\google\guava\failureaccess\1.0.1\failureaccess-1.0.1.jar;D:\apache-maven-3.6.0\mvn\mvnrepository\com\google\guava\listenablefuture\9999.0-empty-to-avoid-conflict-with-guava\listenablefuture-9999.0-empty-to-avoid-conflict-with-guava.jar;D:\apache-maven-3.6.0\mvn\mvnrepository\com\google\code\findbugs\jsr305\3.0.2\jsr305-3.0.2.jar;D:\apache-maven-3.6.0\mvn\mvnrepository\org\checkerframework\checker-qual\2.5.2\checker-qual-2.5.2.jar;D:\apache-maven-3.6.0\mvn\mvnrepository\com\google\errorprone\error_prone_annotations\2.2.0\error_prone_annotations-2.2.0.jar;D:\apache-maven-3.6.0\mvn\mvnrepository\com\google\j2objc\j2objc-annotations\1.1\j2objc-annotations-1.1.jar;D:\apache-maven-3.6.0\mvn\mvnrepository\org\codehaus\mojo\animal-sniffer-annotations\1.17\animal-sniffer-annotations-1.17.jar;D:\apache-maven-3.6.0\mvn\mvnrepository\org\seleniumhq\selenium\selenium-chromium-driver\4.0.0-alpha-3\selenium-chromium-driver-4.0.0-alpha-3.jar;D:\apache-maven-3.6.0\mvn\mvnrepository\org\seleniumhq\selenium\selenium-devtools\4.0.0-alpha-3\selenium-devtools-4.0.0-alpha-3.jar;D:\apache-maven-3.6.0\mvn\mvnrepository\org\seleniumhq\selenium\selenium-http\4.0.0-alpha-3\selenium-http-4.0.0-alpha-3.jar;D:\apache-maven-3.6.0\mvn\mvnrepository\org\seleniumhq\selenium\selenium-json\4.0.0-alpha-3\selenium-json-4.0.0-alpha-3.jar;D:\apache-maven-3.6.0\mvn\mvnrepository\org\testng\testng\6.9.8\testng-6.9.8.jar;D:\apache-maven-3.6.0\mvn\mvnrepository\org\beanshell\bsh\2.0b4\bsh-2.0b4.jar;D:\apache-maven-3.6.0\mvn\mvnrepository\com\beust\jcommander\1.48\jcommander-1.48.jar;D:\apache-maven-3.6.0\mvn\mvnrepository\org\uncommons\reportng\1.1.4\reportng-1.1.4.jar;D:\apache-maven-3.6.0\mvn\mvnrepository\velocity\velocity\1.4\velocity-1.4.jar;D:\apache-maven-3.6.0\mvn\mvnrepository\velocity\velocity-dep\1.4\velocity-dep-1.4.jar;D:\apache-maven-3.6.0\mvn\mvnrepository\org\aspectj\aspectjrt\1.5.4\aspectjrt-1.5.4.jar;D:\apache-maven-3.6.0\mvn\mvnrepository\io\qameta\allure\allure-testng\2.13.0\allure-testng-2.13.0.jar;D:\apache-maven-3.6.0\mvn\mvnrepository\io\qameta\allure\allure-java-commons\2.13.0\allure-java-commons-2.13.0.jar;D:\apache-maven-3.6.0\mvn\mvnrepository\io\qameta\allure\allure-model\2.13.0\allure-model-2.13.0.jar;D:\apache-maven-3.6.0\mvn\mvnrepository\com\fasterxml\jackson\core\jackson-databind\2.9.8\jackson-databind-2.9.8.jar;D:\apache-maven-3.6.0\mvn\mvnrepository\com\fasterxml\jackson\core\jackson-annotations\2.9.0\jackson-annotations-2.9.0.jar;D:\apache-maven-3.6.0\mvn\mvnrepository\com\fasterxml\jackson\core\jackson-core\2.9.8\jackson-core-2.9.8.jar;D:\apache-maven-3.6.0\mvn\mvnrepository\org\apache\tika\tika-core\1.20\tika-core-1.20.jar;D:\apache-maven-3.6.0\mvn\mvnrepository\org\jooq\joor-java-8\0.9.10\joor-java-8-0.9.10.jar;D:\apache-maven-3.6.0\mvn\mvnrepository\org\slf4j\slf4j-simple\2.0.0-alpha1\slf4j-simple-2.0.0-alpha1.jar;D:\apache-maven-3.6.0\mvn\mvnrepository\org\slf4j\slf4j-api\2.0.0-alpha1\slf4j-api-2.0.0-alpha1.jar;"/>
    <property name="sun.cpu.endian" value="little"/>
    <property name="user.home" value="C:\Users\Administrator"/>
    <property name="user.language" value="zh"/>
    <property name="java.specification.vendor" value="Oracle Corporation"/>
    <property name="java.home" value="D:\Program Files\Java\jdk1.8.0_201\jre"/>
    <property name="basedir" value="E:\workspace\SeleniumPageObject1031"/>
    <property name="file.separator" value="\"/>
    <property name="line.separator" value="&#10;"/>
    <property name="java.vm.specification.vendor" value="Oracle Corporation"/>
    <property name="java.specification.name" value="Java Platform API Specification"/>
    <property name="java.awt.graphicsenv" value="sun.awt.Win32GraphicsEnvironment"/>
    <property name="surefire.real.class.path" value="C:\Users\ADMINI~1\AppData\Local\Temp\surefire4263297506679601451\surefirebooter7711093849897428411.jar"/>
    <property name="sun.boot.class.path" value="D:\Program Files\Java\jdk1.8.0_201\jre\lib\resources.jar;D:\Program Files\Java\jdk1.8.0_201\jre\lib\rt.jar;D:\Program Files\Java\jdk1.8.0_201\jre\lib\sunrsasign.jar;D:\Program Files\Java\jdk1.8.0_201\jre\lib\jsse.jar;D:\Program Files\Java\jdk1.8.0_201\jre\lib\jce.jar;D:\Program Files\Java\jdk1.8.0_201\jre\lib\charsets.jar;D:\Program Files\Java\jdk1.8.0_201\jre\lib\jfr.jar;D:\Program Files\Java\jdk1.8.0_201\jre\classes"/>
    <property name="user.script" value=""/>
    <property name="sun.management.compiler" value="HotSpot Client Compiler"/>
    <property name="java.runtime.version" value="1.8.0_201-b09"/>
    <property name="user.name" value="Administrator"/>
    <property name="path.separator" value=";"/>
    <property name="os.version" value="6.1"/>
    <property name="java.endorsed.dirs" value="D:\Program Files\Java\jdk1.8.0_201\jre\lib\endorsed"/>
    <property name="java.runtime.name" value="Java(TM) SE Runtime Environment"/>
    <property name="file.encoding" value="GBK"/>
    <property name="java.vm.name" value="Java HotSpot(TM) Client VM"/>
    <property name="localRepository" value="D:\apache-maven-3.6.0\mvn\mvnrepository"/>
    <property name="java.vendor.url.bug" value="http://bugreport.sun.com/bugreport/"/>
    <property name="java.io.tmpdir" value="C:\Users\ADMINI~1\AppData\Local\Temp\"/>
    <property name="java.version" value="1.8.0_201"/>
    <property name="user.dir" value="E:\workspace\SeleniumPageObject1031"/>
    <property name="os.arch" value="x86"/>
    <property name="java.vm.specification.name" value="Java Virtual Machine Specification"/>
    <property name="java.awt.printerjob" value="sun.awt.windows.WPrinterJob"/>
    <property name="sun.os.patch.level" value="Service Pack 1"/>
    <property name="java.library.path" value="D:\Program Files\Java\jdk1.8.0_201\jre\bin;C:\Windows\Sun\Java\bin;C:\Windows\system32;C:\Windows;C:/Program Files/Java/jre1.8.0_201/bin/client;C:/Program Files/Java/jre1.8.0_201/bin;C:/Program Files/Java/jre1.8.0_201/lib/i386;C:\Program Files\NetSarang\Xshell 6\;C:\Program Files\Common Files\Oracle\Java\javapath;C:\Windows\system32;C:\Windows;C:\Windows\System32\Wbem;C:\Windows\System32\WindowsPowerShell\v1.0\;D:\Program Files\Java\jdk1.8.0_201\bin;D:\Program Files\Java\jdk1.8.0_201\jre\bin;%android%;D:\apache-maven-3.6.0\bin;D:\install\notejs;C:\ProgramFiles\Appium\node_modules\.bin;E:\adt-bundle-windows-x86-20140321\sdk\platform-tools;E:\adt-bundle-windows-x86-20140321\sdk\tools;D:\apache-ant-1.9.4\bin;D:\ProgramFiles\nodejs\;F:\apache-tomcat-9.0.21\bin;D:\pythoninstall\Scripts\;D:\pythoninstall\;D:\install\Fiddler;D:\pycharm\PyCharm 2018.3.5\bin;;C:\Users\Administrator\AppData\Roaming\npm;E:\adt-bundle-windows-x86-20140321\eclipse;;."/>
    <property name="java.vm.info" value="mixed mode"/>
    <property name="java.vendor" value="Oracle Corporation"/>
    <property name="java.vm.version" value="25.201-b09"/>
    <property name="java.ext.dirs" value="D:\Program Files\Java\jdk1.8.0_201\jre\lib\ext;C:\Windows\Sun\Java\lib\ext"/>
    <property name="sun.io.unicode.encoding" value="UnicodeLittle"/>
    <property name="java.class.version" value="52.0"/>
  </properties>
  <testcase name="test001" classname="com.test.demo.LanchTest" time="0.079"/>
  <testcase name="test002" classname="com.test.demo.LanchTest" time="0.003"/>
</testsuite>