<?xml version="1.0" encoding="UTF-8"?>
<!-- Generated by org.testng.reporters.JUnitReportReporter -->
<testsuite hostname="WINMICR-P02TTRT" name="com.test.demo.LanchTest" tests="1" failures="0" timestamp="15 Nov 2019 08:10:10 GMT" time="0.283" errors="0">
  <testcase name="test001" time="0.283" classname="com.test.demo.LanchTest"/>
</testsuite> <!-- com.test.demo.LanchTest -->
