<?xml version="1.0" encoding="UTF-8"?>
<!-- Generated by org.testng.reporters.JUnitReportReporter -->
<testsuite hostname="WINMICR-P02TTRT" name="com.test.demo.LanchTest" tests="2" failures="0" timestamp="18 Nov 2019 07:52:45 GMT" time="0.352" errors="0">
  <testcase name="test001" time="0.347" classname="com.test.demo.LanchTest"/>
  <testcase name="test002" time="0.005" classname="com.test.demo.LanchTest"/>
</testsuite> <!-- com.test.demo.LanchTest -->
